<?xml version="1.0" encoding="UTF-8"?>
<!-- Generated by org.testng.reporters.JUnitReportReporter -->
<testsuite hostname="Lenovo_P15" failures="0" tests="1" name="runners.TestRunner" time="2.030" errors="1" timestamp="2026-02-11T15:59:12 WIB" skipped="0">
  <testcase classname="runners.TestRunner" name="runScenario" time="2.030">
    <error message="Cannot invoke &quot;org.openqa.selenium.WebElement.click()&quot; because &quot;this.masuk&quot; is null" type="java.lang.NullPointerException">
      <![CDATA[java.lang.NullPointerException: Cannot invoke "org.openqa.selenium.WebElement.click()" because "this.masuk" is null
at cucumber_test.pageobjects.HomePage.masuk(HomePage.java:28)
at stepdefenitions.LoginStepDefenition.ketika_user_sudah_berada_pada_halaman_awal_user_dapat_melihat(LoginStepDefenition.java:38)
at âœ½.Ketika user sudah berada pada halaman awal, user dapat menerapkan tombol Masuk(file:///E:/CV/vocagame/code/cucumber-archetype/src/test/resources/features/Login.feature:7)
]]>
    </error>
  </testcase> <!-- runScenario -->
</testsuite> <!-- runners.TestRunner -->
