<?xml version="1.0" encoding="UTF-8"?>
<testsuite xmlns:xsi="http://www.w3.org/2001/XMLSchema-instance" xsi:noNamespaceSchemaLocation="https://maven.apache.org/surefire/maven-surefire-plugin/xsd/surefire-test-report-3.0.xsd" version="3.0" name="TestSuite" time="61.133" tests="3" errors="0" skipped="0" failures="1">
  <properties>
[...]
</properties>
  <testcase name="runScenario[&quot;Sebagai pengguna saya dapat login dengan benar&quot;, &quot;fungsi login&quot;](1)" classname="runners.TestRunner" time="10.702">
    <system-out><![CDATA[
@Sprint2B @TestCase1
Skenario: Sebagai pengguna saya dapat login dengan benar                         # src/test/resources/features/Login.feature:7
  ✔ Jika user akses halaman landig page                                          # stepdefenitions.LoginStepDefenition.diberikan_user_akses_halaman()
  ✔ Maka user sudah berada pada halaman awal, user dapat menerapkan tombol Masuk # stepdefenitions.LoginStepDefenition.ketika_user_sudah_berada_pada_halaman_awal_user_dapat_melihat()
  ✔ Dan user memasukan nomer "081399057525" dan password "Admin12345@"           # stepdefenitions.LoginStepDefenition.dan_user_memasukan_user_name(java.lang.String,java.lang.String)
  ✔ Dan user menekan tombol masuk                                                # stepdefenitions.LoginStepDefenition.user_menekan_tombol_masuk()
  ✔ Maka user dapat melihat snackbar berhasil login "ok"                         # stepdefenitions.LoginStepDefenition.user_dapat_melihat_snackbar_berhasil_login(java.lang.String)
AFTER METHOD JALAN
AFTER METHOD JALAN
]]></system-out>
    <system-err><![CDATA[SLF4J(W): No SLF4J providers were found.
SLF4J(W): Defaulting to no-operation (NOP) logger implementation
SLF4J(W): See https://www.slf4j.org/codes.html#noProviders for further details.
Feb 12, 2026 12:19:03 PM org.openqa.selenium.devtools.CdpVersionFinder findNearestMatch
WARNING: Unable to find an exact match for CDP version 145, returning the closest version; found: 143; Please update to a Selenium version that supports CDP version 145
Feb 12, 2026 12:19:05 PM org.openqa.selenium.devtools.CdpVersionFinder findNearestMatch
WARNING: Unable to find an exact match for CDP version 145, returning the closest version; found: 143; Please update to a Selenium version that supports CDP version 145
]]></system-err>
  </testcase>
  <testcase name="runScenario[&quot;Sebagai pengguna saya tidak dapat login karena password salah&quot;, &quot;fungsi login&quot;](2)" classname="runners.TestRunner" time="9.056">
    <system-out><![CDATA[
Skenario: Sebagai pengguna saya tidak dapat login karena password salah                                                      # src/test/resources/features/Login.feature:15
  ✔ Jika user akses halaman landig page                                                                                      # stepdefenitions.LoginStepDefenition.diberikan_user_akses_halaman()
  ✔ Maka user sudah berada pada halaman awal, user dapat menerapkan tombol Masuk                                             # stepdefenitions.LoginStepDefenition.ketika_user_sudah_berada_pada_halaman_awal_user_dapat_melihat()
  ✔ Dan user memasukan nomer "0813969057525" dan password "Admin12345@"                                                      # stepdefenitions.LoginStepDefenition.dan_user_memasukan_user_name(java.lang.String,java.lang.String)
  ✔ Dan user menekan tombol masuk                                                                                            # stepdefenitions.LoginStepDefenition.user_menekan_tombol_masuk()
  ✔ Maka user dapat melihat snackbar gagal login "Phone Number tidak ditemukan. Harap gunakan data yang valid dan terdaftar" # stepdefenitions.LoginStepDefenition.user_dapat_melihat_snackbar_gagal_login(java.lang.String)
AFTER METHOD JALAN
AFTER METHOD JALAN
]]></system-out>
    <system-err><![CDATA[Feb 12, 2026 12:19:13 PM org.openqa.selenium.devtools.CdpVersionFinder findNearestMatch
WARNING: Unable to find an exact match for CDP version 145, returning the closest version; found: 143; Please update to a Selenium version that supports CDP version 145
Feb 12, 2026 12:19:14 PM org.openqa.selenium.devtools.CdpVersionFinder findNearestMatch
WARNING: Unable to find an exact match for CDP version 145, returning the closest version; found: 143; Please update to a Selenium version that supports CDP version 145
]]></system-err>
  </testcase>
  <testcase name="runScenario[&quot;Sebagai pengguna saya dapat login dengan benar&quot;, &quot;fungsi login&quot;](3)" classname="runners.TestRunner" time="39.777">
    <failure message="Timed out after 10 seconds. Unable to locate the element" type="org.openqa.selenium.NoSuchElementException"><![CDATA[org.openqa.selenium.NoSuchElementException: Timed out after 10 seconds. Unable to locate the element
	at org.openqa.selenium.support.pagefactory.AjaxElementLocator.findElement(AjaxElementLocator.java:91)
	at org.openqa.selenium.support.pagefactory.internal.LocatingElementHandler.invoke(LocatingElementHandler.java:38)
	at jdk.proxy2/jdk.proxy2.$Proxy26.click(Unknown Source)
	at cucumber_test.pageobjects.HomePage.orderml(HomePage.java:43)
	at stepdefenitions.OrderStepDefenition.user_memilih_topup_mobile_legends(OrderStepDefenition.java:53)
	at ✽.user memilih topup mobile legends(file:///E:/CV/vocagame/code/cucumber-archetype/src/test/resources/features/Order.feature:12)
Caused by: org.openqa.selenium.NoSuchElementException: no such element: Unable to locate element: {"method":"xpath","selector":"//*[@id='Populer']/ul/li[1]/a/div/div[3]/img"}
  (Session info: chrome=145.0.7632.46)
For documentation on this error, please visit: https://www.selenium.dev/documentation/webdriver/troubleshooting/errors#nosuchelementexception
Build info: version: '4.39.0', revision: '126f156aee'
System info: os.name: 'Windows 11', os.arch: 'amd64', os.version: '10.0', java.version: '25.0.1'
Driver info: org.openqa.selenium.chrome.ChromeDriver
Command: [d135c0c02af02b302fc5229bc141474f, findElement {using=xpath, value=//*[@id='Populer']/ul/li[1]/a/div/div[3]/img}]
Capabilities {acceptInsecureCerts: false, browserName: chrome, browserVersion: 145.0.7632.46, chrome: {chromedriverVersion: 145.0.7632.45 (7ad2aeb6be38..., userDataDir: C:\Users\dania\AppData\Loca...}, fedcm:accounts: true, goog:chromeOptions: {debuggerAddress: localhost:53466}, goog:processID: 26844, networkConnectionEnabled: false, pageLoadStrategy: normal, platformName: windows, proxy: Proxy(), se:cdp: ws://localhost:53466/devtoo..., se:cdpVersion: 145.0.7632.46, setWindowRect: true, strictFileInteractability: false, timeouts: {implicit: 0, pageLoad: 300000, script: 30000}, unhandledPromptBehavior: dismiss and notify, webauthn:extension:credBlob: true, webauthn:extension:largeBlob: true, webauthn:extension:minPinLength: true, webauthn:extension:prf: true, webauthn:virtualAuthenticators: true}
Session ID: d135c0c02af02b302fc5229bc141474f
	at java.base/jdk.internal.reflect.DirectConstructorHandleAccessor.newInstance(DirectConstructorHandleAccessor.java:62)
	at java.base/java.lang.reflect.Constructor.newInstanceWithCaller(Constructor.java:499)
	at java.base/java.lang.reflect.Constructor.newInstance(Constructor.java:483)
	at org.openqa.selenium.remote.ErrorCodec.decode(ErrorCodec.java:167)
	at org.openqa.selenium.remote.codec.w3c.W3CHttpResponseCodec.decode(W3CHttpResponseCodec.java:142)
	at org.openqa.selenium.remote.codec.w3c.W3CHttpResponseCodec.decode(W3CHttpResponseCodec.java:49)
	at org.openqa.selenium.remote.HttpCommandExecutor.execute(HttpCommandExecutor.java:215)
	at org.openqa.selenium.remote.service.DriverCommandExecutor.invokeExecute(DriverCommandExecutor.java:216)
	at org.openqa.selenium.remote.service.DriverCommandExecutor.execute(DriverCommandExecutor.java:174)
	at org.openqa.selenium.remote.RemoteWebDriver.execute(RemoteWebDriver.java:561)
	at org.openqa.selenium.remote.ElementLocation$ElementFinder$2.findElement(ElementLocation.java:166)
	at org.openqa.selenium.remote.ElementLocation.findElement(ElementLocation.java:60)
	at org.openqa.selenium.remote.RemoteWebDriver.findElement(RemoteWebDriver.java:384)
	at org.openqa.selenium.remote.RemoteWebDriver.findElement(RemoteWebDriver.java:378)
	at org.openqa.selenium.support.pagefactory.DefaultElementLocator.findElement(DefaultElementLocator.java:68)
	at org.openqa.selenium.support.pagefactory.AjaxElementLocator.access$001(AjaxElementLocator.java:39)
	at org.openqa.selenium.support.pagefactory.AjaxElementLocator$SlowLoadingElement.isLoaded(AjaxElementLocator.java:157)
	at org.openqa.selenium.support.ui.SlowLoadableComponent.get(SlowLoadableComponent.java:71)
	at org.openqa.selenium.support.pagefactory.AjaxElementLocator.findElement(AjaxElementLocator.java:87)
	... 5 more
]]></failure>
    <system-out><![CDATA[
@Sprint2B @TestCase1
Skenario: Sebagai pengguna saya dapat login dengan benar                         # src/test/resources/features/Order.feature:7
  ✔ Jika user akses halaman landig page                                          # stepdefenitions.LoginStepDefenition.diberikan_user_akses_halaman()
  ✔ Maka user sudah berada pada halaman awal, user dapat menerapkan tombol Masuk # stepdefenitions.LoginStepDefenition.ketika_user_sudah_berada_pada_halaman_awal_user_dapat_melihat()
  ✔ Dan user memasukan nomer "081399057525" dan password "Admin12345@"           # stepdefenitions.LoginStepDefenition.dan_user_memasukan_user_name(java.lang.String,java.lang.String)
  ✔ Dan user menekan tombol masuk                                                # stepdefenitions.LoginStepDefenition.user_menekan_tombol_masuk()
  ✘ Dan user memilih topup mobile legends                                        # stepdefenitions.OrderStepDefenition.user_memilih_topup_mobile_legends()
        org.openqa.selenium.NoSuchElementException: Timed out after 10 seconds. Unable to locate the element
        	at org.openqa.selenium.support.pagefactory.AjaxElementLocator.findElement(AjaxElementLocator.java:91)
        	at org.openqa.selenium.support.pagefactory.internal.LocatingElementHandler.invoke(LocatingElementHandler.java:38)
        	at jdk.proxy2/jdk.proxy2.$Proxy26.click(Unknown Source)
        	at cucumber_test.pageobjects.HomePage.orderml(HomePage.java:43)
        	at stepdefenitions.OrderStepDefenition.user_memilih_topup_mobile_legends(OrderStepDefenition.java:53)
        	at ✽.user memilih topup mobile legends(file:///E:/CV/vocagame/code/cucumber-archetype/src/test/resources/features/Order.feature:12)
        Caused by: org.openqa.selenium.NoSuchElementException: no such element: Unable to locate element: {"method":"xpath","selector":"//*[@id='Populer']/ul/li[1]/a/div/div[3]/img"}
          (Session info: chrome=145.0.7632.46)
        For documentation on this error, please visit: https://www.selenium.dev/documentation/webdriver/troubleshooting/errors#nosuchelementexception
        Build info: version: '4.39.0', revision: '126f156aee'
        System info: os.name: 'Windows 11', os.arch: 'amd64', os.version: '10.0', java.version: '25.0.1'
        Driver info: org.openqa.selenium.chrome.ChromeDriver
        Command: [d135c0c02af02b302fc5229bc141474f, findElement {using=xpath, value=//*[@id='Populer']/ul/li[1]/a/div/div[3]/img}]
        Capabilities {acceptInsecureCerts: false, browserName: chrome, browserVersion: 145.0.7632.46, chrome: {chromedriverVersion: 145.0.7632.45 (7ad2aeb6be38..., userDataDir: C:\Users\dania\AppData\Loca...}, fedcm:accounts: true, goog:chromeOptions: {debuggerAddress: localhost:53466}, goog:processID: 26844, networkConnectionEnabled: false, pageLoadStrategy: normal, platformName: windows, proxy: Proxy(), se:cdp: ws://localhost:53466/devtoo..., se:cdpVersion: 145.0.7632.46, setWindowRect: true, strictFileInteractability: false, timeouts: {implicit: 0, pageLoad: 300000, script: 30000}, unhandledPromptBehavior: dismiss and notify, webauthn:extension:credBlob: true, webauthn:extension:largeBlob: true, webauthn:extension:minPinLength: true, webauthn:extension:prf: true, webauthn:virtualAuthenticators: true}
        Session ID: d135c0c02af02b302fc5229bc141474f
        	at java.base/jdk.internal.reflect.DirectConstructorHandleAccessor.newInstance(DirectConstructorHandleAccessor.java:62)
        	at java.base/java.lang.reflect.Constructor.newInstanceWithCaller(Constructor.java:499)
        	at java.base/java.lang.reflect.Constructor.newInstance(Constructor.java:483)
        	at org.openqa.selenium.remote.ErrorCodec.decode(ErrorCodec.java:167)
        	at org.openqa.selenium.remote.codec.w3c.W3CHttpResponseCodec.decode(W3CHttpResponseCodec.java:142)
        	at org.openqa.selenium.remote.codec.w3c.W3CHttpResponseCodec.decode(W3CHttpResponseCodec.java:49)
        	at org.openqa.selenium.remote.HttpCommandExecutor.execute(HttpCommandExecutor.java:215)
        	at org.openqa.selenium.remote.service.DriverCommandExecutor.invokeExecute(DriverCommandExecutor.java:216)
        	at org.openqa.selenium.remote.service.DriverCommandExecutor.execute(DriverCommandExecutor.java:174)
        	at org.openqa.selenium.remote.RemoteWebDriver.execute(RemoteWebDriver.java:561)
        	at org.openqa.selenium.remote.ElementLocation$ElementFinder$2.findElement(ElementLocation.java:166)
        	at org.openqa.selenium.remote.ElementLocation.findElement(ElementLocation.java:60)
        	at org.openqa.selenium.remote.RemoteWebDriver.findElement(RemoteWebDriver.java:384)
        	at org.openqa.selenium.remote.RemoteWebDriver.findElement(RemoteWebDriver.java:378)
        	at org.openqa.selenium.support.pagefactory.DefaultElementLocator.findElement(DefaultElementLocator.java:68)
        	at org.openqa.selenium.support.pagefactory.AjaxElementLocator.access$001(AjaxElementLocator.java:39)
        	at org.openqa.selenium.support.pagefactory.AjaxElementLocator$SlowLoadingElement.isLoaded(AjaxElementLocator.java:157)
        	at org.openqa.selenium.support.ui.SlowLoadableComponent.get(SlowLoadableComponent.java:71)
        	at org.openqa.selenium.support.pagefactory.AjaxElementLocator.findElement(AjaxElementLocator.java:87)
        	... 5 more
  ↷ Dan user memasukan data user id "316485539" dan zone id "9623"               # stepdefenitions.OrderStepDefenition.user_memasukan_data_user_id_dan_zone_id(java.lang.String,java.lang.String)
  ↷ Dan user dapat memastikan nama "Ismail Bin Mail"                             # stepdefenitions.OrderStepDefenition.user_dapat_memastikan_nama(java.lang.String)
  ↷ Dan user memilih Weekly Diamond Pass                                         # stepdefenitions.OrderStepDefenition.user_memilih_weekly_diamond_pass()
  ↷ Dan user memastikan harga "Rp 27,819"                                        # stepdefenitions.OrderStepDefenition.user_memastikan_harga(java.lang.String)
  ↷ Dan user melakukan pembayaran QRIS                                           # stepdefenitions.OrderStepDefenition.user_melakukan_pembayaran_qris()
AFTER METHOD JALAN
AFTER METHOD JALAN
]]></system-out>
    <system-err><![CDATA[Feb 12, 2026 12:19:22 PM org.openqa.selenium.devtools.CdpVersionFinder findNearestMatch
WARNING: Unable to find an exact match for CDP version 145, returning the closest version; found: 143; Please update to a Selenium version that supports CDP version 145
Feb 12, 2026 12:19:23 PM org.openqa.selenium.devtools.CdpVersionFinder findNearestMatch
WARNING: Unable to find an exact match for CDP version 145, returning the closest version; found: 143; Please update to a Selenium version that supports CDP version 145
]]></system-err>
  </testcase>
</testsuite>