<?xml version="1.0" encoding="UTF-8"?>
<!-- Generated by org.testng.reporters.JUnitXMLReporter -->
<testsuite ignored="0" hostname="Lenovo_P15" failures="1" tests="1" name="Surefire test" time="2.943" errors="0" timestamp="2026-02-11T15:59:12 WIB">
  <testcase classname="io.cucumber.testng.AbstractTestNGCucumberTests" name="runScenario" time="2.03">
    <failure type="java.lang.NullPointerException" message="Cannot invoke &amp;quot;org.openqa.selenium.WebElement.click()&amp;quot; because &amp;quot;this.masuk&amp;quot; is null">
      <![CDATA[java.lang.NullPointerException: Cannot invoke "org.openqa.selenium.WebElement.click()" because "this.masuk" is null
at cucumber_test.pageobjects.HomePage.masuk(HomePage.java:28)
at stepdefenitions.LoginStepDefenition.ketika_user_sudah_berada_pada_halaman_awal_user_dapat_melihat(LoginStepDefenition.java:38)
at âœ½.Ketika user sudah berada pada halaman awal, user dapat menerapkan tombol Masuk(file:///E:/CV/vocagame/code/cucumber-archetype/src/test/resources/features/Login.feature:7)
]]>
    </failure>
  </testcase> <!-- runScenario -->
</testsuite> <!-- Surefire test -->
