<?xml version="1.0" encoding="UTF-8"?>
<testng-results ignored="0" total="1" passed="0" failed="1" skipped="0">
  <reporter-output>
  </reporter-output>
  <suite started-at="2026-02-11T15:59:09 WIB" name="Surefire suite" finished-at="2026-02-11T15:59:12 WIB" duration-ms="2943">
    <groups>
      <group name="cucumber">
        <method signature="AbstractTestNGCucumberTests.runScenario(io.cucumber.testng.PickleWrapper,io.cucumber.testng.FeatureWrapper)[pri:0, instance:runners.TestRunner@5f14a673]" name="runScenario" class="io.cucumber.testng.AbstractTestNGCucumberTests"/>
      </group> <!-- cucumber -->
    </groups>
    <test started-at="2026-02-11T15:59:09 WIB" name="Surefire test" finished-at="2026-02-11T15:59:12 WIB" duration-ms="2943">
      <class name="runners.TestRunner">
        <test-method is-config="true" signature="setUpClass(org.testng.ITestContext)[pri:0, instance:runners.TestRunner@5f14a673]" started-at="2026-02-11T15:59:09 WIB" name="setUpClass" finished-at="2026-02-11T15:59:10 WIB" duration-ms="682" status="PASS">
          <params>
            <param index="0">
              <value>
                <![CDATA[org.testng.TestRunner@54286339]]>
              </value>
            </param>
          </params>
          <reporter-output>
          </reporter-output>
        </test-method> <!-- setUpClass -->
        <test-method signature="runScenario(io.cucumber.testng.PickleWrapper,io.cucumber.testng.FeatureWrapper)[pri:0, instance:runners.TestRunner@5f14a673]" started-at="2026-02-11T15:59:10 WIB" name="runScenario" description="Runs Cucumber Scenarios" data-provider="scenarios" finished-at="2026-02-11T15:59:12 WIB" duration-ms="2030" status="FAIL">
          <params>
            <param index="0">
              <value>
                <![CDATA["Sebagai pengguna saya dapat login dengan benar (positive case)"]]>
              </value>
            </param>
            <param index="1">
              <value>
                <![CDATA["fungsi login"]]>
              </value>
            </param>
          </params>
          <exception class="java.lang.NullPointerException">
            <message>
              <![CDATA[Cannot invoke "org.openqa.selenium.WebElement.click()" because "this.masuk" is null]]>
            </message>
            <full-stacktrace>
              <![CDATA[java.lang.NullPointerException: Cannot invoke "org.openqa.selenium.WebElement.click()" because "this.masuk" is null
at cucumber_test.pageobjects.HomePage.masuk(HomePage.java:28)
at stepdefenitions.LoginStepDefenition.ketika_user_sudah_berada_pada_halaman_awal_user_dapat_melihat(LoginStepDefenition.java:38)
at ✽.Ketika user sudah berada pada halaman awal, user dapat menerapkan tombol Masuk(file:///E:/CV/vocagame/code/cucumber-archetype/src/test/resources/features/Login.feature:7)
]]>
            </full-stacktrace>
          </exception> <!-- java.lang.NullPointerException -->
          <reporter-output>
          </reporter-output>
        </test-method> <!-- runScenario -->
        <test-method is-config="true" signature="tearDownClass()[pri:0, instance:runners.TestRunner@5f14a673]" started-at="2026-02-11T15:59:12 WIB" name="tearDownClass" finished-at="2026-02-11T15:59:12 WIB" duration-ms="73" status="PASS">
          <reporter-output>
          </reporter-output>
        </test-method> <!-- tearDownClass -->
      </class> <!-- runners.TestRunner -->
    </test> <!-- Surefire test -->
  </suite> <!-- Surefire suite -->
</testng-results>
