<?xml version="1.0" encoding="UTF-8"?>
<testsuite xmlns:xsi="http://www.w3.org/2001/XMLSchema-instance" xsi:noNamespaceSchemaLocation="https://maven.apache.org/surefire/maven-surefire-plugin/xsd/surefire-test-report-3.0.xsd" version="3.0" name="TestSuite" time="42.378" tests="1" errors="0" skipped="0" failures="0">
  <properties>
[...]
</properties>
  <testcase name="runScenario[&quot;Sebagai pengguna saya dapat login dengan benar (positive case)&quot;, &quot;fungsi login&quot;](1)" classname="runners.TestRunner" time="40.769">
    <system-out><![CDATA[
@Sprint2B @TestCase1
Skenario: Sebagai pengguna saya dapat login dengan benar (positive case)         # src/test/resources/features/Login.feature:8
  ✔ Jika user akses halaman landig page                                          # stepdefenitions.LoginStepDefenition.diberikan_user_akses_halaman()
  ✔ Maka user sudah berada pada halaman awal, user dapat menerapkan tombol Masuk # stepdefenitions.LoginStepDefenition.ketika_user_sudah_berada_pada_halaman_awal_user_dapat_melihat()
  ✔ Dan user memasukan nomer "081399057525" dan password "Admin12345@"           # stepdefenitions.LoginStepDefenition.dan_user_memasukan_user_name(java.lang.String,java.lang.String)
  ✔ Dan user menekan tombol masuk                                                # stepdefenitions.LoginStepDefenition.dan_user_memasukan_password()
  ✔ Maka user dapat melihat snackbar "ok"                                        # stepdefenitions.LoginStepDefenition.maka_user_dapat_melihat(java.lang.String)
AFTER METHOD JALAN
]]></system-out>
    <system-err><![CDATA[SLF4J(W): No SLF4J providers were found.
SLF4J(W): Defaulting to no-operation (NOP) logger implementation
SLF4J(W): See https://www.slf4j.org/codes.html#noProviders for further details.
Feb 11, 2026 8:45:58 PM org.openqa.selenium.devtools.CdpVersionFinder findNearestMatch
WARNING: Unable to find an exact match for CDP version 145, returning the closest version; found: 143; Please update to a Selenium version that supports CDP version 145
]]></system-err>
  </testcase>
</testsuite>