<?xml version="1.0" encoding="UTF-8"?>
<testng-results ignored="0" total="1" passed="1" failed="0" skipped="0">
  <reporter-output>
  </reporter-output>
  <suite started-at="2026-02-11T20:45:56 WIB" name="Surefire suite" finished-at="2026-02-11T20:46:38 WIB" duration-ms="41584">
    <groups>
      <group name="cucumber">
        <method signature="AbstractTestNGCucumberTests.runScenario(io.cucumber.testng.PickleWrapper,io.cucumber.testng.FeatureWrapper)[pri:0, instance:runners.TestRunner@5dc3fcb7]" name="runScenario" class="io.cucumber.testng.AbstractTestNGCucumberTests"/>
      </group> <!-- cucumber -->
    </groups>
    <test started-at="2026-02-11T20:45:56 WIB" name="Surefire test" finished-at="2026-02-11T20:46:38 WIB" duration-ms="41584">
      <class name="runners.TestRunner">
        <test-method is-config="true" signature="setUpClass(org.testng.ITestContext)[pri:0, instance:runners.TestRunner@5dc3fcb7]" started-at="2026-02-11T20:45:56 WIB" name="setUpClass" finished-at="2026-02-11T20:45:57 WIB" duration-ms="718" status="PASS">
          <params>
            <param index="0">
              <value>
                <![CDATA[org.testng.TestRunner@5b5b8730]]>
              </value>
            </param>
          </params>
          <reporter-output>
          </reporter-output>
        </test-method> <!-- setUpClass -->
        <test-method signature="runScenario(io.cucumber.testng.PickleWrapper,io.cucumber.testng.FeatureWrapper)[pri:0, instance:runners.TestRunner@5dc3fcb7]" started-at="2026-02-11T20:45:57 WIB" name="runScenario" description="Runs Cucumber Scenarios" data-provider="scenarios" finished-at="2026-02-11T20:46:38 WIB" duration-ms="40716" status="PASS">
          <params>
            <param index="0">
              <value>
                <![CDATA["Sebagai pengguna saya dapat login dengan benar (positive case)"]]>
              </value>
            </param>
            <param index="1">
              <value>
                <![CDATA["fungsi login"]]>
              </value>
            </param>
          </params>
          <reporter-output>
          </reporter-output>
        </test-method> <!-- runScenario -->
        <test-method is-config="true" signature="tearDownClass()[pri:0, instance:runners.TestRunner@5dc3fcb7]" started-at="2026-02-11T20:46:38 WIB" name="tearDownClass" finished-at="2026-02-11T20:46:38 WIB" duration-ms="52" status="PASS">
          <reporter-output>
          </reporter-output>
        </test-method> <!-- tearDownClass -->
      </class> <!-- runners.TestRunner -->
    </test> <!-- Surefire test -->
  </suite> <!-- Surefire suite -->
</testng-results>
